<?xml version="1.0" encoding="UTF-8"?>
<testng-results total="1" passed="1" failed="0" skipped="0">
  <reporter-output>
  </reporter-output>
  <suite started-at="2018-10-03T02:37:11Z" name="Suite" finished-at="2018-10-03T02:42:19Z" duration-ms="308180">
    <groups>
    </groups>
    <test started-at="2018-10-03T02:37:11Z" name="Test" finished-at="2018-10-03T02:42:19Z" duration-ms="308180">
      <class name="testscripts.Control">
        <test-method signature="controlmethod()[pri:0, instance:testscripts.Control@22fcf7ab]" started-at="2018-10-03T08:07:11Z" name="controlmethod" finished-at="2018-10-03T08:12:19Z" duration-ms="307999" status="PASS">
          <reporter-output>
          </reporter-output>
        </test-method> <!-- controlmethod -->
      </class> <!-- testscripts.Control -->
    </test> <!-- Test -->
  </suite> <!-- Suite -->
</testng-results>
